INFO:root:Start training @ Fri Apr 21 23:57:59 2023 neutraj_128 128 3 128
INFO:root:Best model with loss 800.2290649414062 in_acc 99.2699966430664 at epoch 0 @ Fri Apr 21 23:58:04 2023
INFO:root:Best model with loss 424.1925964355469 in_acc 97.70999908447266 at epoch 1 @ Fri Apr 21 23:58:13 2023
INFO:root:Best model with loss 202.3274688720703 in_acc 97.22000122070312 at epoch 5 @ Fri Apr 21 23:58:35 2023
INFO:root:Best model with loss 167.86363220214844 in_acc 96.93000030517578 at epoch 6 @ Fri Apr 21 23:58:40 2023
INFO:root:Best model with loss 126.2214584350586 in_acc 96.13999938964844 at epoch 7 @ Fri Apr 21 23:58:46 2023
INFO:root:Best model with loss 108.91028594970703 in_acc 96.25 at epoch 13 @ Fri Apr 21 23:59:20 2023
INFO:root:Best model with loss 99.11408233642578 in_acc 96.19999694824219 at epoch 18 @ Fri Apr 21 23:59:48 2023
INFO:root:Best model with loss 91.7000503540039 in_acc 95.83000183105469 at epoch 31 @ Sat Apr 22 00:01:10 2023
INFO:root:Best model with loss 88.42330169677734 in_acc 96.1500015258789 at epoch 39 @ Sat Apr 22 00:01:55 2023
INFO:root:Best model with loss 83.31493377685547 in_acc 95.80000305175781 at epoch 43 @ Sat Apr 22 00:02:18 2023
INFO:root:Best model with loss 82.38842010498047 in_acc 95.70999908447266 at epoch 45 @ Sat Apr 22 00:02:29 2023
INFO:root:Best model with loss 81.8838882446289 in_acc 95.19999694824219 at epoch 51 @ Sat Apr 22 00:03:01 2023
INFO:root:Best model with loss 80.1714859008789 in_acc 94.33999633789062 at epoch 52 @ Sat Apr 22 00:03:07 2023
INFO:root:Best model with loss 78.12652587890625 in_acc 95.25 at epoch 55 @ Sat Apr 22 00:03:23 2023
INFO:root:Best model with loss 75.57742309570312 in_acc 95.1500015258789 at epoch 82 @ Sat Apr 22 00:05:53 2023
INFO:root:Best model with loss 75.19742584228516 in_acc 94.80999755859375 at epoch 98 @ Sat Apr 22 00:07:20 2023
INFO:root:Best model with loss 74.74897003173828 in_acc 94.70999908447266 at epoch 99 @ Sat Apr 22 00:07:25 2023
INFO:root:Best model with loss 72.81106567382812 in_acc 94.11000061035156 at epoch 113 @ Sat Apr 22 00:08:40 2023
INFO:root:Best model with loss 72.23690795898438 in_acc 94.98999786376953 at epoch 142 @ Sat Apr 22 00:11:20 2023
INFO:root:Best model with loss 71.76142883300781 in_acc 94.50999450683594 at epoch 148 @ Sat Apr 22 00:11:53 2023
INFO:root:Best model with loss 71.51460266113281 in_acc 93.90999603271484 at epoch 153 @ Sat Apr 22 00:12:19 2023
INFO:root:Best model with loss 71.2345199584961 in_acc 94.44999694824219 at epoch 155 @ Sat Apr 22 00:12:30 2023
INFO:root:Best model with loss 70.94347381591797 in_acc 94.94999694824219 at epoch 166 @ Sat Apr 22 00:13:29 2023
INFO:root:Best model with loss 70.47286987304688 in_acc 94.91999816894531 at epoch 179 @ Sat Apr 22 00:14:39 2023
INFO:root:Best model with loss 70.45936584472656 in_acc 94.38999938964844 at epoch 189 @ Sat Apr 22 00:15:38 2023
INFO:root:Best model with loss 70.0205078125 in_acc 94.50999450683594 at epoch 205 @ Sat Apr 22 00:17:15 2023
INFO:root:Best model with loss 69.69154357910156 in_acc 94.36000061035156 at epoch 218 @ Sat Apr 22 00:18:28 2023
INFO:root:Best model with loss 69.37056732177734 in_acc 94.55999755859375 at epoch 222 @ Sat Apr 22 00:18:52 2023
INFO:root:Best model with loss 69.26718139648438 in_acc 94.5 at epoch 369 @ Sat Apr 22 00:33:48 2023
INFO:root:Best model with loss 68.94071197509766 in_acc 94.7699966430664 at epoch 409 @ Sat Apr 22 00:37:49 2023
INFO:root:Best model with loss 68.68879699707031 in_acc 94.70999908447266 at epoch 445 @ Sat Apr 22 00:41:31 2023
INFO:root:Best model with loss 68.21880340576172 in_acc 94.90999603271484 at epoch 460 @ Sat Apr 22 00:43:05 2023
INFO:root:Best model with loss 67.87108612060547 in_acc 94.18000030517578 at epoch 480 @ Sat Apr 22 00:45:17 2023
INFO:root:Start training @ Sat Apr 22 13:08:58 2023 neutraj_256 256 3 256
INFO:root:Best model with loss 943.4896850585938 in_acc 99.3499984741211 at epoch 0 @ Sat Apr 22 13:09:12 2023
INFO:root:Best model with loss 241.61984252929688 in_acc 97.83999633789062 at epoch 1 @ Sat Apr 22 13:09:26 2023
INFO:root:Best model with loss 209.76026916503906 in_acc 96.29000091552734 at epoch 2 @ Sat Apr 22 13:09:38 2023
INFO:root:Best model with loss 176.38485717773438 in_acc 96.83999633789062 at epoch 4 @ Sat Apr 22 13:10:05 2023
INFO:root:Best model with loss 152.66497802734375 in_acc 95.31999969482422 at epoch 5 @ Sat Apr 22 13:10:18 2023
INFO:root:Best model with loss 110.34394836425781 in_acc 96.44000244140625 at epoch 7 @ Sat Apr 22 13:10:43 2023
INFO:root:Best model with loss 98.02786254882812 in_acc 95.87000274658203 at epoch 10 @ Sat Apr 22 13:11:24 2023
INFO:root:Best model with loss 94.67262268066406 in_acc 95.75 at epoch 11 @ Sat Apr 22 13:11:38 2023
INFO:root:Best model with loss 91.2708740234375 in_acc 94.38999938964844 at epoch 19 @ Sat Apr 22 13:13:26 2023
INFO:root:Best model with loss 89.5237045288086 in_acc 96.0 at epoch 27 @ Sat Apr 22 13:15:10 2023
INFO:root:Best model with loss 82.14405059814453 in_acc 95.61000061035156 at epoch 28 @ Sat Apr 22 13:15:23 2023
INFO:root:Best model with loss 80.33833312988281 in_acc 95.55999755859375 at epoch 40 @ Sat Apr 22 13:18:05 2023
INFO:root:Best model with loss 74.09745025634766 in_acc 95.0 at epoch 45 @ Sat Apr 22 13:19:09 2023
INFO:root:Best model with loss 73.35462951660156 in_acc 94.73999786376953 at epoch 46 @ Sat Apr 22 13:19:23 2023
INFO:root:Best model with loss 72.62017822265625 in_acc 95.16999816894531 at epoch 54 @ Sat Apr 22 13:21:18 2023
INFO:root:Best model with loss 71.8000717163086 in_acc 94.83000183105469 at epoch 70 @ Sat Apr 22 13:25:35 2023
INFO:root:Best model with loss 70.4035415649414 in_acc 95.01000213623047 at epoch 86 @ Sat Apr 22 13:29:42 2023
INFO:root:Best model with loss 70.36396026611328 in_acc 94.57999420166016 at epoch 93 @ Sat Apr 22 13:31:21 2023
INFO:root:Best model with loss 70.00550842285156 in_acc 94.6199951171875 at epoch 122 @ Sat Apr 22 13:38:03 2023
INFO:root:Best model with loss 69.91342163085938 in_acc 94.04999542236328 at epoch 197 @ Sat Apr 22 13:51:23 2023
INFO:root:Best model with loss 69.6915512084961 in_acc 94.47999572753906 at epoch 208 @ Sat Apr 22 13:53:19 2023
INFO:root:Best model with loss 69.16217803955078 in_acc 94.30999755859375 at epoch 250 @ Sat Apr 22 14:01:36 2023
INFO:root:Best model with loss 68.81214904785156 in_acc 94.45999908447266 at epoch 251 @ Sat Apr 22 14:01:45 2023
INFO:root:Best model with loss 68.61015319824219 in_acc 94.3699951171875 at epoch 311 @ Sat Apr 22 14:18:19 2023
INFO:root:Best model with loss 68.32749938964844 in_acc 94.41999816894531 at epoch 321 @ Sat Apr 22 14:20:50 2023
INFO:root:Best model with loss 68.28053283691406 in_acc 94.8499984741211 at epoch 326 @ Sat Apr 22 14:21:59 2023
INFO:root:Best model with loss 67.67645263671875 in_acc 93.95999908447266 at epoch 366 @ Sat Apr 22 14:31:16 2023
INFO:root:Best model with loss 67.6440658569336 in_acc 94.18999481201172 at epoch 467 @ Sat Apr 22 14:54:07 2023
INFO:root:Start training @ Thu Apr 27 15:22:02 2023 neutrajat_128 128 3 128
INFO:root:Best model with loss 435.7453308105469 in_acc 98.70999145507812 at epoch 0 @ Thu Apr 27 15:22:12 2023
INFO:root:Best model with loss 419.1421203613281 in_acc 97.72999572753906 at epoch 2 @ Thu Apr 27 15:22:28 2023
INFO:root:Best model with loss 344.4229736328125 in_acc 98.33999633789062 at epoch 3 @ Thu Apr 27 15:22:36 2023
INFO:root:Best model with loss 341.5906982421875 in_acc 97.88999938964844 at epoch 5 @ Thu Apr 27 15:22:53 2023
INFO:root:Best model with loss 336.4891662597656 in_acc 98.02999877929688 at epoch 7 @ Thu Apr 27 15:23:08 2023
INFO:root:Best model with loss 334.67962646484375 in_acc 98.06999206542969 at epoch 11 @ Thu Apr 27 15:23:40 2023
INFO:root:Best model with loss 333.2414855957031 in_acc 97.78999328613281 at epoch 23 @ Thu Apr 27 15:25:17 2023
INFO:root:Best model with loss 328.91241455078125 in_acc 98.05999755859375 at epoch 24 @ Thu Apr 27 15:25:26 2023
INFO:root:Best model with loss 327.7566223144531 in_acc 98.33999633789062 at epoch 30 @ Thu Apr 27 15:26:20 2023
INFO:root:Best model with loss 326.111572265625 in_acc 98.10999298095703 at epoch 31 @ Thu Apr 27 15:26:28 2023
INFO:root:Best model with loss 324.7806701660156 in_acc 98.02999877929688 at epoch 46 @ Thu Apr 27 15:28:31 2023
INFO:root:Best model with loss 321.4635925292969 in_acc 98.15999603271484 at epoch 81 @ Thu Apr 27 15:33:09 2023
INFO:root:Best model with loss 319.6449890136719 in_acc 98.32999420166016 at epoch 82 @ Thu Apr 27 15:33:17 2023
INFO:root:Best model with loss 317.4622802734375 in_acc 97.90999603271484 at epoch 84 @ Thu Apr 27 15:33:33 2023
INFO:root:Best model with loss 316.4952087402344 in_acc 98.1399917602539 at epoch 87 @ Thu Apr 27 15:33:57 2023
INFO:root:Best model with loss 314.11834716796875 in_acc 97.88999938964844 at epoch 107 @ Thu Apr 27 15:36:45 2023
INFO:root:Best model with loss 312.79144287109375 in_acc 98.02999877929688 at epoch 116 @ Thu Apr 27 15:37:59 2023
INFO:root:Best model with loss 311.0901794433594 in_acc 97.90999603271484 at epoch 117 @ Thu Apr 27 15:38:08 2023
INFO:root:Best model with loss 310.84356689453125 in_acc 97.83999633789062 at epoch 129 @ Thu Apr 27 15:40:03 2023
INFO:root:Best model with loss 305.4248962402344 in_acc 97.8699951171875 at epoch 130 @ Thu Apr 27 15:40:13 2023
INFO:root:Best model with loss 303.2999572753906 in_acc 97.62999725341797 at epoch 146 @ Thu Apr 27 15:42:24 2023
INFO:root:Best model with loss 302.0848083496094 in_acc 97.7199935913086 at epoch 150 @ Thu Apr 27 15:42:57 2023
INFO:root:Best model with loss 301.87017822265625 in_acc 97.90999603271484 at epoch 151 @ Thu Apr 27 15:43:05 2023
INFO:root:Best model with loss 299.6015930175781 in_acc 97.61000061035156 at epoch 168 @ Thu Apr 27 15:45:15 2023
INFO:root:Best model with loss 297.7376708984375 in_acc 97.91999816894531 at epoch 196 @ Thu Apr 27 15:48:57 2023
INFO:root:Best model with loss 294.5045166015625 in_acc 97.93999481201172 at epoch 204 @ Thu Apr 27 15:50:06 2023
INFO:root:Best model with loss 293.16497802734375 in_acc 97.85999298095703 at epoch 207 @ Thu Apr 27 15:50:30 2023
INFO:root:Best model with loss 290.8957824707031 in_acc 97.82999420166016 at epoch 214 @ Thu Apr 27 15:51:39 2023
INFO:root:Best model with loss 289.3931884765625 in_acc 97.82999420166016 at epoch 273 @ Thu Apr 27 15:59:32 2023
INFO:root:Best model with loss 288.4713439941406 in_acc 97.78999328613281 at epoch 278 @ Thu Apr 27 16:00:10 2023
INFO:root:Best model with loss 287.5642395019531 in_acc 97.98999786376953 at epoch 290 @ Thu Apr 27 16:01:51 2023
INFO:root:Best model with loss 286.8290100097656 in_acc 97.81999206542969 at epoch 298 @ Thu Apr 27 16:02:55 2023
INFO:root:Best model with loss 285.9379577636719 in_acc 97.97999572753906 at epoch 330 @ Thu Apr 27 16:07:10 2023
INFO:root:Best model with loss 285.8765563964844 in_acc 97.93999481201172 at epoch 337 @ Thu Apr 27 16:08:00 2023
INFO:root:Best model with loss 284.5482177734375 in_acc 97.55999755859375 at epoch 362 @ Thu Apr 27 16:11:22 2023
INFO:root:Best model with loss 282.5722961425781 in_acc 97.7699966430664 at epoch 371 @ Thu Apr 27 16:12:39 2023
INFO:root:Best model with loss 281.8433532714844 in_acc 97.72999572753906 at epoch 466 @ Thu Apr 27 16:27:21 2023
INFO:root:Start training @ Thu Apr 27 16:59:58 2023 neutrajat_256 256 3 256
INFO:root:Best model with loss 342.4546813964844 in_acc 98.33999633789062 at epoch 0 @ Thu Apr 27 17:00:05 2023
INFO:root:Best model with loss 340.5618896484375 in_acc 98.04999542236328 at epoch 9 @ Thu Apr 27 17:01:21 2023
INFO:root:Best model with loss 337.3904724121094 in_acc 98.1199951171875 at epoch 12 @ Thu Apr 27 17:01:47 2023
INFO:root:Best model with loss 335.4825439453125 in_acc 98.15999603271484 at epoch 18 @ Thu Apr 27 17:02:36 2023
INFO:root:Best model with loss 333.8003845214844 in_acc 98.24999237060547 at epoch 19 @ Thu Apr 27 17:02:43 2023
INFO:root:Best model with loss 333.2476806640625 in_acc 97.89999389648438 at epoch 22 @ Thu Apr 27 17:03:08 2023
INFO:root:Best model with loss 332.9973449707031 in_acc 98.1199951171875 at epoch 23 @ Thu Apr 27 17:03:16 2023
INFO:root:Best model with loss 330.4834899902344 in_acc 97.93999481201172 at epoch 27 @ Thu Apr 27 17:03:47 2023
INFO:root:Best model with loss 329.8600158691406 in_acc 97.92999267578125 at epoch 29 @ Thu Apr 27 17:04:01 2023
INFO:root:Best model with loss 329.2825012207031 in_acc 98.16999816894531 at epoch 52 @ Thu Apr 27 17:07:09 2023
INFO:root:Best model with loss 327.63299560546875 in_acc 98.09999084472656 at epoch 53 @ Thu Apr 27 17:07:18 2023
INFO:root:Best model with loss 326.40240478515625 in_acc 97.97999572753906 at epoch 93 @ Thu Apr 27 17:12:47 2023
INFO:root:Best model with loss 326.3560485839844 in_acc 97.99999237060547 at epoch 97 @ Thu Apr 27 17:13:19 2023
INFO:root:Restore training @ Thu Apr 27 17:15:35 2023 neutrajat_256 256 3 256
INFO:root:Restore training @ Thu Apr 27 17:16:28 2023 neutrajat_256 256 3 256
INFO:root:Start training @ Tue May  9 15:17:56 2023 t2vec_256 256 3 256
INFO:root:Best model with loss 195.7108612060547 in_acc 97.37999725341797 at epoch 0 @ Tue May  9 15:18:03 2023
INFO:root:Best model with loss 140.79302978515625 in_acc 96.5199966430664 at epoch 1 @ Tue May  9 15:18:10 2023
INFO:root:Best model with loss 106.67623138427734 in_acc 95.25 at epoch 5 @ Tue May  9 15:19:01 2023
INFO:root:Best model with loss 96.3137435913086 in_acc 94.93000030517578 at epoch 10 @ Tue May  9 15:19:34 2023
INFO:root:Best model with loss 95.89202880859375 in_acc 96.47000122070312 at epoch 11 @ Tue May  9 15:19:40 2023
INFO:root:Best model with loss 83.849365234375 in_acc 95.26000213623047 at epoch 18 @ Tue May  9 15:20:29 2023
INFO:root:Best model with loss 83.45177459716797 in_acc 94.70999908447266 at epoch 29 @ Tue May  9 15:21:40 2023
INFO:root:Best model with loss 81.20185089111328 in_acc 95.52999877929688 at epoch 32 @ Tue May  9 15:21:59 2023
INFO:root:Best model with loss 80.43460845947266 in_acc 95.22000122070312 at epoch 38 @ Tue May  9 15:22:38 2023
INFO:root:Best model with loss 78.2693862915039 in_acc 94.75999450683594 at epoch 42 @ Tue May  9 15:23:00 2023
INFO:root:Best model with loss 77.54351806640625 in_acc 95.37999725341797 at epoch 53 @ Tue May  9 15:24:19 2023
INFO:root:Best model with loss 75.89883422851562 in_acc 94.32999420166016 at epoch 54 @ Tue May  9 15:24:27 2023
INFO:root:Best model with loss 75.60627746582031 in_acc 94.61000061035156 at epoch 56 @ Tue May  9 15:24:43 2023
INFO:root:Best model with loss 74.34639739990234 in_acc 94.50999450683594 at epoch 77 @ Tue May  9 15:27:09 2023
INFO:root:Start training @ Wed May 10 15:19:43 2023 t2vec_128 128 3 256
INFO:root:Best model with loss 484.7177734375 in_acc 97.69999694824219 at epoch 0 @ Wed May 10 15:19:52 2023
INFO:root:Best model with loss 403.361083984375 in_acc 97.02999877929688 at epoch 2 @ Wed May 10 15:20:13 2023
INFO:root:Best model with loss 263.9405822753906 in_acc 98.22999572753906 at epoch 3 @ Wed May 10 15:20:23 2023
INFO:root:Best model with loss 135.51419067382812 in_acc 96.16999816894531 at epoch 6 @ Wed May 10 15:20:49 2023
INFO:root:Best model with loss 102.27928161621094 in_acc 95.69999694824219 at epoch 7 @ Wed May 10 15:20:59 2023
INFO:root:Best model with loss 100.45468139648438 in_acc 95.73999786376953 at epoch 12 @ Wed May 10 15:21:46 2023
INFO:root:Best model with loss 87.83373260498047 in_acc 94.54000091552734 at epoch 13 @ Wed May 10 15:21:55 2023
INFO:root:Best model with loss 85.7023696899414 in_acc 95.15999603271484 at epoch 24 @ Wed May 10 15:23:46 2023
INFO:root:Best model with loss 78.34790802001953 in_acc 94.41999816894531 at epoch 25 @ Wed May 10 15:23:54 2023
INFO:root:Best model with loss 77.6801528930664 in_acc 95.58999633789062 at epoch 41 @ Wed May 10 15:26:29 2023
INFO:root:Best model with loss 75.663818359375 in_acc 95.36000061035156 at epoch 42 @ Wed May 10 15:26:37 2023
INFO:root:Best model with loss 74.72362518310547 in_acc 94.3499984741211 at epoch 54 @ Wed May 10 15:28:32 2023
INFO:root:Best model with loss 73.31111145019531 in_acc 95.48999786376953 at epoch 88 @ Wed May 10 15:33:49 2023
INFO:root:Best model with loss 73.30668640136719 in_acc 95.22999572753906 at epoch 90 @ Wed May 10 15:34:09 2023
INFO:root:Best model with loss 73.13706970214844 in_acc 94.40999603271484 at epoch 97 @ Wed May 10 15:35:09 2023
INFO:root:Best model with loss 72.1961898803711 in_acc 95.27999877929688 at epoch 98 @ Wed May 10 15:35:18 2023
INFO:root:Best model with loss 70.54793548583984 in_acc 94.80999755859375 at epoch 130 @ Wed May 10 15:39:56 2023
INFO:root:Best model with loss 70.37809753417969 in_acc 94.48999786376953 at epoch 133 @ Wed May 10 15:40:22 2023
INFO:root:Best model with loss 69.60369110107422 in_acc 94.44999694824219 at epoch 134 @ Wed May 10 15:40:30 2023
INFO:root:Best model with loss 69.52708435058594 in_acc 94.20999908447266 at epoch 136 @ Wed May 10 15:40:48 2023
INFO:root:Best model with loss 69.28924560546875 in_acc 94.43000030517578 at epoch 252 @ Wed May 10 15:57:58 2023
INFO:root:Best model with loss 68.92340087890625 in_acc 94.50999450683594 at epoch 254 @ Wed May 10 15:58:19 2023
INFO:root:Best model with loss 68.82795715332031 in_acc 94.11000061035156 at epoch 341 @ Wed May 10 16:11:56 2023
INFO:root:Best model with loss 68.73554229736328 in_acc 94.47000122070312 at epoch 378 @ Wed May 10 16:17:36 2023
INFO:root:Best model with loss 68.47196960449219 in_acc 94.62999725341797 at epoch 389 @ Wed May 10 16:19:20 2023
INFO:root:Best model with loss 68.40511322021484 in_acc 94.6500015258789 at epoch 462 @ Wed May 10 16:31:10 2023
