INFO:root:Start training @ Thu Jun 16 17:22:01 2022 neutraj_256 256 3 256
INFO:root:Best model with loss 0.24072270095348358 in_acc 92.40809523809523 at epoch 0 @ Thu Jun 16 17:22:13 2022
INFO:root:Best model with loss 0.19859986007213593 in_acc 92.41971428571428 at epoch 1 @ Thu Jun 16 17:22:25 2022
INFO:root:Best model with loss 0.17367148399353027 in_acc 92.92095238095239 at epoch 2 @ Thu Jun 16 17:22:38 2022
INFO:root:Best model with loss 0.1725940853357315 in_acc 92.85133333333333 at epoch 3 @ Thu Jun 16 17:22:51 2022
INFO:root:Best model with loss 0.163596510887146 in_acc 93.20266666666667 at epoch 4 @ Thu Jun 16 17:23:03 2022
INFO:root:Best model with loss 0.15143361687660217 in_acc 93.60257142857142 at epoch 5 @ Thu Jun 16 17:23:15 2022
INFO:root:Best model with loss 0.14487068355083466 in_acc 93.82990476190476 at epoch 6 @ Thu Jun 16 17:23:28 2022
INFO:root:Best model with loss 0.13727867603302002 in_acc 94.22428571428571 at epoch 8 @ Thu Jun 16 17:23:52 2022
INFO:root:Best model with loss 0.13230174779891968 in_acc 94.29095238095238 at epoch 9 @ Thu Jun 16 17:24:05 2022
INFO:root:Best model with loss 0.13209950923919678 in_acc 94.42809523809524 at epoch 10 @ Thu Jun 16 17:24:17 2022
INFO:root:Best model with loss 0.1242787167429924 in_acc 94.75561904761905 at epoch 12 @ Thu Jun 16 17:24:41 2022
INFO:root:Best model with loss 0.12402283400297165 in_acc 94.74142857142857 at epoch 13 @ Thu Jun 16 17:24:50 2022
INFO:root:Best model with loss 0.12252437323331833 in_acc 94.78704761904761 at epoch 14 @ Thu Jun 16 17:25:00 2022
INFO:root:Best model with loss 0.11202255636453629 in_acc 95.22257142857143 at epoch 15 @ Thu Jun 16 17:25:11 2022
INFO:root:Best model with loss 0.11142607033252716 in_acc 95.27514285714285 at epoch 17 @ Thu Jun 16 17:25:36 2022
INFO:root:Best model with loss 0.09972438961267471 in_acc 95.83361904761904 at epoch 22 @ Thu Jun 16 17:26:32 2022
INFO:root:Best model with loss 0.09935767203569412 in_acc 95.84971428571428 at epoch 28 @ Thu Jun 16 17:27:41 2022
INFO:root:Best model with loss 0.0947139784693718 in_acc 96.07323809523808 at epoch 39 @ Thu Jun 16 17:30:02 2022
INFO:root:Best model with loss 0.09222500771284103 in_acc 96.22419047619047 at epoch 44 @ Thu Jun 16 17:31:21 2022
INFO:root:Best model with loss 0.09056466817855835 in_acc 96.30895238095238 at epoch 50 @ Thu Jun 16 17:32:37 2022
INFO:root:Best model with loss 0.08507578819990158 in_acc 96.53390476190475 at epoch 64 @ Thu Jun 16 17:35:33 2022
INFO:root:Best model with loss 0.08492458611726761 in_acc 96.61857142857141 at epoch 88 @ Thu Jun 16 17:40:34 2022
INFO:root:Best model with loss 0.08118294924497604 in_acc 96.73095238095237 at epoch 100 @ Thu Jun 16 17:43:04 2022
INFO:root:Best model with loss 0.08049449324607849 in_acc 96.70990476190477 at epoch 136 @ Thu Jun 16 17:50:32 2022
INFO:root:Best model with loss 0.07996600866317749 in_acc 96.75580952380952 at epoch 158 @ Thu Jun 16 17:55:08 2022
INFO:root:Best model with loss 0.07983417809009552 in_acc 96.72714285714285 at epoch 179 @ Thu Jun 16 17:59:34 2022
INFO:root:Best model with loss 0.07706516236066818 in_acc 96.86933333333333 at epoch 203 @ Thu Jun 16 18:04:36 2022
INFO:root:Best model with loss 0.0768088549375534 in_acc 96.9204761904762 at epoch 251 @ Thu Jun 16 18:14:39 2022
INFO:root:Best model with loss 0.07655788958072662 in_acc 96.89742857142856 at epoch 294 @ Thu Jun 16 18:23:37 2022
INFO:root:Best model with loss 0.07651722431182861 in_acc 96.88514285714285 at epoch 297 @ Thu Jun 16 18:24:15 2022
INFO:root:Best model with loss 0.07468101382255554 in_acc 97.00771428571429 at epoch 307 @ Thu Jun 16 18:26:19 2022
INFO:root:Best model with loss 0.073891781270504 in_acc 97.03933333333333 at epoch 455 @ Thu Jun 16 18:57:29 2022
INFO:root:Start training @ Thu Jun 16 21:31:48 2022 neutraj_256 256 3 256
INFO:root:Best model with loss 0.2710132598876953 in_acc 92.40819047619048 at epoch 0 @ Thu Jun 16 21:31:56 2022
INFO:root:Best model with loss 0.24011388421058655 in_acc 92.38895238095239 at epoch 1 @ Thu Jun 16 21:32:04 2022
INFO:root:Best model with loss 0.20244672894477844 in_acc 92.42038095238095 at epoch 2 @ Thu Jun 16 21:32:13 2022
INFO:root:Best model with loss 0.19209259748458862 in_acc 92.52904761904762 at epoch 3 @ Thu Jun 16 21:32:21 2022
INFO:root:Best model with loss 0.1826053112745285 in_acc 92.64666666666666 at epoch 4 @ Thu Jun 16 21:32:30 2022
INFO:root:Best model with loss 0.17037846148014069 in_acc 93.05419047619047 at epoch 5 @ Thu Jun 16 21:32:38 2022
INFO:root:Best model with loss 0.16151881217956543 in_acc 93.2607619047619 at epoch 6 @ Thu Jun 16 21:32:46 2022
INFO:root:Best model with loss 0.15722279250621796 in_acc 93.29895238095239 at epoch 8 @ Thu Jun 16 21:33:02 2022
INFO:root:Best model with loss 0.1538172960281372 in_acc 93.47923809523809 at epoch 9 @ Thu Jun 16 21:33:10 2022
INFO:root:Best model with loss 0.14619673788547516 in_acc 93.82457142857142 at epoch 11 @ Thu Jun 16 21:33:27 2022
INFO:root:Best model with loss 0.13780638575553894 in_acc 94.01466666666667 at epoch 13 @ Thu Jun 16 21:33:43 2022
INFO:root:Best model with loss 0.12328560650348663 in_acc 94.68419047619048 at epoch 15 @ Thu Jun 16 21:34:00 2022
INFO:root:Best model with loss 0.11950290203094482 in_acc 95.07323809523808 at epoch 19 @ Thu Jun 16 21:34:32 2022
INFO:root:Best model with loss 0.11732541024684906 in_acc 95.04438095238095 at epoch 21 @ Thu Jun 16 21:34:49 2022
INFO:root:Best model with loss 0.11229394376277924 in_acc 95.32428571428571 at epoch 25 @ Thu Jun 16 21:35:22 2022
INFO:root:Best model with loss 0.10531312227249146 in_acc 95.58209523809523 at epoch 26 @ Thu Jun 16 21:35:30 2022
INFO:root:Best model with loss 0.10261618345975876 in_acc 95.64066666666666 at epoch 29 @ Thu Jun 16 21:35:56 2022
INFO:root:Best model with loss 0.09974734485149384 in_acc 95.89238095238095 at epoch 46 @ Thu Jun 16 21:38:16 2022
INFO:root:Best model with loss 0.09791600704193115 in_acc 95.98038095238095 at epoch 47 @ Thu Jun 16 21:38:24 2022
INFO:root:Best model with loss 0.09125132113695145 in_acc 96.19923809523809 at epoch 51 @ Thu Jun 16 21:38:57 2022
INFO:root:Best model with loss 0.08974479883909225 in_acc 96.31704761904761 at epoch 52 @ Thu Jun 16 21:39:05 2022
INFO:root:Best model with loss 0.08856401592493057 in_acc 96.43152380952381 at epoch 62 @ Thu Jun 16 21:40:26 2022
INFO:root:Best model with loss 0.08765766024589539 in_acc 96.44971428571428 at epoch 63 @ Thu Jun 16 21:40:34 2022
INFO:root:Best model with loss 0.08553602546453476 in_acc 96.47304761904762 at epoch 67 @ Thu Jun 16 21:41:07 2022
INFO:root:Best model with loss 0.08484429866075516 in_acc 96.55142857142856 at epoch 84 @ Thu Jun 16 21:43:21 2022
INFO:root:Best model with loss 0.08214372396469116 in_acc 96.77171428571428 at epoch 109 @ Thu Jun 16 21:46:36 2022
INFO:root:Best model with loss 0.08023298531770706 in_acc 96.82857142857144 at epoch 121 @ Thu Jun 16 21:48:08 2022
INFO:root:Best model with loss 0.07997172325849533 in_acc 96.7927619047619 at epoch 163 @ Thu Jun 16 21:53:35 2022
INFO:root:Best model with loss 0.07650656998157501 in_acc 96.97352380952381 at epoch 221 @ Thu Jun 16 22:01:06 2022
INFO:root:Best model with loss 0.0733756422996521 in_acc 97.10590476190475 at epoch 304 @ Thu Jun 16 22:11:47 2022
INFO:root:Best model with loss 0.07257809489965439 in_acc 97.13942857142857 at epoch 448 @ Thu Jun 16 22:30:28 2022
INFO:root:Start training @ Thu Jun 16 23:03:45 2022 neutraj_128 128 3 256
INFO:root:Best model with loss 0.265546590089798 in_acc 92.40819047619048 at epoch 0 @ Thu Jun 16 23:03:53 2022
INFO:root:Best model with loss 0.2352655678987503 in_acc 92.40685714285713 at epoch 1 @ Thu Jun 16 23:04:01 2022
INFO:root:Best model with loss 0.20631983876228333 in_acc 92.316 at epoch 2 @ Thu Jun 16 23:04:08 2022
INFO:root:Best model with loss 0.19938816130161285 in_acc 92.50419047619047 at epoch 3 @ Thu Jun 16 23:04:16 2022
INFO:root:Best model with loss 0.18710511922836304 in_acc 92.72790476190475 at epoch 4 @ Thu Jun 16 23:04:24 2022
INFO:root:Best model with loss 0.1868421882390976 in_acc 92.414 at epoch 7 @ Thu Jun 16 23:04:47 2022
INFO:root:Best model with loss 0.16194912791252136 in_acc 93.30914285714286 at epoch 8 @ Thu Jun 16 23:04:55 2022
INFO:root:Best model with loss 0.15932117402553558 in_acc 93.2947619047619 at epoch 11 @ Thu Jun 16 23:05:19 2022
INFO:root:Best model with loss 0.15841466188430786 in_acc 93.2762857142857 at epoch 12 @ Thu Jun 16 23:05:27 2022
INFO:root:Best model with loss 0.15304791927337646 in_acc 93.5327619047619 at epoch 13 @ Thu Jun 16 23:05:35 2022
INFO:root:Best model with loss 0.14290307462215424 in_acc 93.88580952380951 at epoch 16 @ Thu Jun 16 23:05:59 2022
INFO:root:Best model with loss 0.1412457525730133 in_acc 93.94952380952381 at epoch 19 @ Thu Jun 16 23:06:23 2022
INFO:root:Best model with loss 0.13897202908992767 in_acc 94.08161904761904 at epoch 21 @ Thu Jun 16 23:06:39 2022
INFO:root:Best model with loss 0.138362318277359 in_acc 94.22704761904761 at epoch 23 @ Thu Jun 16 23:06:54 2022
INFO:root:Best model with loss 0.12834525108337402 in_acc 94.50104761904761 at epoch 25 @ Thu Jun 16 23:07:10 2022
INFO:root:Best model with loss 0.1274523138999939 in_acc 94.59942857142856 at epoch 28 @ Thu Jun 16 23:07:35 2022
INFO:root:Best model with loss 0.12621743977069855 in_acc 94.70066666666666 at epoch 31 @ Thu Jun 16 23:07:58 2022
INFO:root:Best model with loss 0.12082173675298691 in_acc 94.91895238095238 at epoch 32 @ Thu Jun 16 23:08:06 2022
INFO:root:Best model with loss 0.11870568245649338 in_acc 95.11066666666666 at epoch 35 @ Thu Jun 16 23:08:30 2022
INFO:root:Best model with loss 0.11634283512830734 in_acc 95.0967619047619 at epoch 39 @ Thu Jun 16 23:09:02 2022
INFO:root:Best model with loss 0.10774964094161987 in_acc 95.48114285714286 at epoch 41 @ Thu Jun 16 23:09:18 2022
INFO:root:Best model with loss 0.10218283534049988 in_acc 95.72561904761905 at epoch 50 @ Thu Jun 16 23:10:27 2022
INFO:root:Best model with loss 0.10003232955932617 in_acc 95.8375238095238 at epoch 52 @ Thu Jun 16 23:10:42 2022
INFO:root:Best model with loss 0.09945395588874817 in_acc 95.9512380952381 at epoch 58 @ Thu Jun 16 23:11:28 2022
INFO:root:Best model with loss 0.09835158288478851 in_acc 95.9324761904762 at epoch 59 @ Thu Jun 16 23:11:36 2022
INFO:root:Best model with loss 0.09565988928079605 in_acc 96.09904761904761 at epoch 77 @ Thu Jun 16 23:14:00 2022
INFO:root:Best model with loss 0.09432149678468704 in_acc 96.14399999999999 at epoch 78 @ Thu Jun 16 23:14:07 2022
INFO:root:Best model with loss 0.09139265865087509 in_acc 96.25323809523809 at epoch 87 @ Thu Jun 16 23:15:17 2022
INFO:root:Best model with loss 0.08814383298158646 in_acc 96.39038095238095 at epoch 124 @ Thu Jun 16 23:19:57 2022
INFO:root:Best model with loss 0.08320628851652145 in_acc 96.64485714285715 at epoch 159 @ Thu Jun 16 23:24:26 2022
INFO:root:Best model with loss 0.08207140862941742 in_acc 96.75180952380951 at epoch 198 @ Thu Jun 16 23:29:24 2022
INFO:root:Best model with loss 0.08157879114151001 in_acc 96.74447619047619 at epoch 277 @ Thu Jun 16 23:39:36 2022
INFO:root:Best model with loss 0.08056946843862534 in_acc 96.83485714285715 at epoch 297 @ Thu Jun 16 23:42:12 2022
INFO:root:Best model with loss 0.08049382269382477 in_acc 96.78285714285714 at epoch 348 @ Thu Jun 16 23:48:42 2022
INFO:root:Best model with loss 0.08029589056968689 in_acc 96.82371428571427 at epoch 438 @ Fri Jun 17 00:00:04 2022
INFO:root:Start training @ Fri Mar 31 17:46:18 2023 neutraj_128 256 3 256
INFO:root:Start training @ Fri Mar 31 17:47:43 2023 neutraj_128 128 3 128
INFO:root:Best model with loss 0.29086142778396606 in_acc 91.46443298969072 at epoch 0 @ Fri Mar 31 17:47:53 2023
INFO:root:Best model with loss 0.2832643985748291 in_acc 91.46443298969072 at epoch 1 @ Fri Mar 31 17:48:01 2023
INFO:root:Best model with loss 0.25844305753707886 in_acc 91.46443298969072 at epoch 2 @ Fri Mar 31 17:48:10 2023
INFO:root:Best model with loss 0.25042176246643066 in_acc 91.45432989690721 at epoch 3 @ Fri Mar 31 17:48:19 2023
INFO:root:Best model with loss 0.23444247245788574 in_acc 91.31051546391753 at epoch 4 @ Fri Mar 31 17:48:27 2023
INFO:root:Best model with loss 0.21913234889507294 in_acc 91.5177319587629 at epoch 5 @ Fri Mar 31 17:48:36 2023
INFO:root:Best model with loss 0.21099816262722015 in_acc 91.69907216494846 at epoch 7 @ Fri Mar 31 17:48:53 2023
INFO:root:Best model with loss 0.2045239806175232 in_acc 91.55865979381443 at epoch 8 @ Fri Mar 31 17:49:01 2023
INFO:root:Best model with loss 0.1939253956079483 in_acc 91.90360824742268 at epoch 9 @ Fri Mar 31 17:49:10 2023
INFO:root:Best model with loss 0.18954430520534515 in_acc 92.26814432989691 at epoch 12 @ Fri Mar 31 17:49:35 2023
INFO:root:Best model with loss 0.18343080580234528 in_acc 92.30731958762887 at epoch 15 @ Fri Mar 31 17:49:55 2023
INFO:root:Best model with loss 0.17056411504745483 in_acc 92.68020618556702 at epoch 18 @ Fri Mar 31 17:50:14 2023
INFO:root:Best model with loss 0.16723760962486267 in_acc 92.93309278350516 at epoch 26 @ Fri Mar 31 17:51:15 2023
INFO:root:Best model with loss 0.15950854122638702 in_acc 93.11824742268041 at epoch 29 @ Fri Mar 31 17:51:40 2023
INFO:root:Best model with loss 0.1564217358827591 in_acc 93.47639175257733 at epoch 30 @ Fri Mar 31 17:51:49 2023
INFO:root:Best model with loss 0.15235872566699982 in_acc 93.51257731958763 at epoch 46 @ Fri Mar 31 17:54:08 2023
INFO:root:Best model with loss 0.14411130547523499 in_acc 93.95360824742268 at epoch 50 @ Fri Mar 31 17:54:42 2023
INFO:root:Best model with loss 0.14181695878505707 in_acc 94.08680412371135 at epoch 53 @ Fri Mar 31 17:55:07 2023
INFO:root:Best model with loss 0.1375935822725296 in_acc 94.2459793814433 at epoch 54 @ Fri Mar 31 17:55:16 2023
INFO:root:Best model with loss 0.1367131769657135 in_acc 94.32319587628865 at epoch 68 @ Fri Mar 31 17:57:13 2023
INFO:root:Best model with loss 0.1338045746088028 in_acc 94.42948453608247 at epoch 90 @ Fri Mar 31 18:00:19 2023
INFO:root:Best model with loss 0.13319791853427887 in_acc 94.45453608247422 at epoch 101 @ Fri Mar 31 18:01:51 2023
INFO:root:Best model with loss 0.13163402676582336 in_acc 94.59855670103093 at epoch 106 @ Fri Mar 31 18:02:33 2023
INFO:root:Best model with loss 0.12874490022659302 in_acc 94.67041237113403 at epoch 122 @ Fri Mar 31 18:04:47 2023
INFO:root:Best model with loss 0.12593181431293488 in_acc 94.80443298969072 at epoch 123 @ Fri Mar 31 18:04:55 2023
INFO:root:Best model with loss 0.12153983116149902 in_acc 94.96670103092784 at epoch 161 @ Fri Mar 31 18:10:08 2023
INFO:root:Best model with loss 0.11946381628513336 in_acc 95.03484536082475 at epoch 246 @ Fri Mar 31 18:21:45 2023
INFO:root:Best model with loss 0.11878306418657303 in_acc 95.00969072164949 at epoch 282 @ Fri Mar 31 18:26:44 2023
INFO:root:Best model with loss 0.11858087033033371 in_acc 95.07288659793815 at epoch 286 @ Fri Mar 31 18:27:18 2023
INFO:root:Best model with loss 0.1171843484044075 in_acc 95.18835051546391 at epoch 298 @ Fri Mar 31 18:28:59 2023
INFO:root:Best model with loss 0.1164819672703743 in_acc 95.13927835051547 at epoch 302 @ Fri Mar 31 18:29:32 2023
INFO:root:Best model with loss 0.11490549892187119 in_acc 95.2360824742268 at epoch 440 @ Fri Mar 31 18:48:42 2023
INFO:root:Start training @ Fri Mar 31 20:44:39 2023 neutraj_256 256 3 256
INFO:root:Best model with loss 0.3212181031703949 in_acc 91.46443298969072 at epoch 0 @ Fri Mar 31 20:44:49 2023
INFO:root:Best model with loss 0.26824939250946045 in_acc 91.46443298969072 at epoch 1 @ Fri Mar 31 20:44:59 2023
INFO:root:Best model with loss 0.25241902470588684 in_acc 91.46329896907217 at epoch 2 @ Fri Mar 31 20:45:09 2023
INFO:root:Best model with loss 0.229021355509758 in_acc 91.42494845360825 at epoch 3 @ Fri Mar 31 20:45:18 2023
INFO:root:Best model with loss 0.2129475474357605 in_acc 91.51453608247422 at epoch 4 @ Fri Mar 31 20:45:28 2023
INFO:root:Best model with loss 0.1989474892616272 in_acc 91.8419587628866 at epoch 6 @ Fri Mar 31 20:45:47 2023
INFO:root:Best model with loss 0.1947207748889923 in_acc 92.02164948453608 at epoch 8 @ Fri Mar 31 20:46:05 2023
INFO:root:Best model with loss 0.19043472409248352 in_acc 91.86907216494845 at epoch 9 @ Fri Mar 31 20:46:14 2023
INFO:root:Best model with loss 0.18892481923103333 in_acc 92.13185567010309 at epoch 10 @ Fri Mar 31 20:46:23 2023
INFO:root:Best model with loss 0.1871166080236435 in_acc 92.12463917525774 at epoch 13 @ Fri Mar 31 20:47:02 2023
INFO:root:Best model with loss 0.17202918231487274 in_acc 92.73567010309279 at epoch 14 @ Fri Mar 31 20:47:11 2023
INFO:root:Best model with loss 0.16630466282367706 in_acc 92.96278350515465 at epoch 15 @ Fri Mar 31 20:47:19 2023
INFO:root:Best model with loss 0.16060547530651093 in_acc 93.14113402061855 at epoch 19 @ Fri Mar 31 20:47:54 2023
INFO:root:Best model with loss 0.15568993985652924 in_acc 93.36876288659795 at epoch 21 @ Fri Mar 31 20:48:12 2023
INFO:root:Best model with loss 0.14590910077095032 in_acc 93.83855670103092 at epoch 23 @ Fri Mar 31 20:48:30 2023
INFO:root:Best model with loss 0.13862159848213196 in_acc 94.10804123711341 at epoch 31 @ Fri Mar 31 20:49:44 2023
INFO:root:Best model with loss 0.13286204636096954 in_acc 94.55144329896908 at epoch 36 @ Fri Mar 31 20:50:30 2023
INFO:root:Best model with loss 0.13196028769016266 in_acc 94.53298969072165 at epoch 42 @ Fri Mar 31 20:51:28 2023
INFO:root:Best model with loss 0.12492458522319794 in_acc 94.8180412371134 at epoch 48 @ Fri Mar 31 20:52:27 2023
INFO:root:Best model with loss 0.12382001429796219 in_acc 94.77783505154639 at epoch 50 @ Fri Mar 31 20:52:46 2023
INFO:root:Best model with loss 0.11975608766078949 in_acc 95.03350515463917 at epoch 53 @ Fri Mar 31 20:53:16 2023
INFO:root:Best model with loss 0.11630801856517792 in_acc 95.20350515463917 at epoch 64 @ Fri Mar 31 20:54:57 2023
INFO:root:Best model with loss 0.11406906694173813 in_acc 95.2579381443299 at epoch 67 @ Fri Mar 31 20:55:25 2023
INFO:root:Best model with loss 0.11274345219135284 in_acc 95.29969072164948 at epoch 90 @ Fri Mar 31 20:58:45 2023
INFO:root:Best model with loss 0.10754811763763428 in_acc 95.61371134020618 at epoch 99 @ Fri Mar 31 21:00:02 2023
INFO:root:Best model with loss 0.10752294957637787 in_acc 95.58896907216496 at epoch 108 @ Fri Mar 31 21:01:21 2023
INFO:root:Best model with loss 0.10566560924053192 in_acc 95.68288659793815 at epoch 145 @ Fri Mar 31 21:06:53 2023
INFO:root:Best model with loss 0.10450920462608337 in_acc 95.83938144329898 at epoch 151 @ Fri Mar 31 21:07:46 2023
INFO:root:Best model with loss 0.10028734803199768 in_acc 95.87061855670103 at epoch 185 @ Fri Mar 31 21:12:56 2023
INFO:root:Best model with loss 0.09968065470457077 in_acc 95.95113402061855 at epoch 221 @ Fri Mar 31 21:18:40 2023
INFO:root:Best model with loss 0.09930015355348587 in_acc 95.88577319587628 at epoch 237 @ Fri Mar 31 21:21:08 2023
INFO:root:Best model with loss 0.09899730235338211 in_acc 95.89226804123712 at epoch 251 @ Fri Mar 31 21:23:22 2023
INFO:root:Best model with loss 0.09555462747812271 in_acc 96.07948453608248 at epoch 287 @ Fri Mar 31 21:29:33 2023
INFO:root:Best model with loss 0.09471707791090012 in_acc 96.18824742268042 at epoch 391 @ Fri Mar 31 21:45:20 2023
INFO:root:Best model with loss 0.093307264149189 in_acc 96.27731958762887 at epoch 403 @ Fri Mar 31 21:47:03 2023
INFO:root:Restore training @ Fri Mar 31 23:12:15 2023 neutraj_128 128 3 128
INFO:root:Start training @ Fri Mar 31 23:14:31 2023 neutraj_128 128 3 128
INFO:root:Best model with loss 0.29965874552726746 in_acc 91.46443298969072 at epoch 0 @ Fri Mar 31 23:14:40 2023
INFO:root:Best model with loss 0.261603444814682 in_acc 91.46443298969072 at epoch 1 @ Fri Mar 31 23:14:48 2023
INFO:root:Best model with loss 0.23668229579925537 in_acc 91.46443298969072 at epoch 2 @ Fri Mar 31 23:14:57 2023
INFO:root:Best model with loss 0.21237260103225708 in_acc 91.59639175257732 at epoch 3 @ Fri Mar 31 23:15:04 2023
INFO:root:Best model with loss 0.1967821568250656 in_acc 91.88701030927835 at epoch 4 @ Fri Mar 31 23:15:11 2023
INFO:root:Best model with loss 0.18583820760250092 in_acc 92.09907216494845 at epoch 5 @ Fri Mar 31 23:15:19 2023
INFO:root:Best model with loss 0.18313492834568024 in_acc 92.24536082474228 at epoch 6 @ Fri Mar 31 23:15:27 2023
INFO:root:Best model with loss 0.17835384607315063 in_acc 92.33123711340207 at epoch 7 @ Fri Mar 31 23:15:35 2023
INFO:root:Best model with loss 0.17728979885578156 in_acc 92.57979381443299 at epoch 8 @ Fri Mar 31 23:15:44 2023
INFO:root:Best model with loss 0.16281196475028992 in_acc 93.03556701030928 at epoch 9 @ Fri Mar 31 23:15:55 2023
INFO:root:Best model with loss 0.15857793390750885 in_acc 93.15525773195876 at epoch 10 @ Fri Mar 31 23:16:05 2023
INFO:root:Best model with loss 0.1430249661207199 in_acc 93.94845360824743 at epoch 13 @ Fri Mar 31 23:16:25 2023
INFO:root:Best model with loss 0.1390436589717865 in_acc 94.05845360824743 at epoch 14 @ Fri Mar 31 23:16:33 2023
INFO:root:Best model with loss 0.13740095496177673 in_acc 94.0958762886598 at epoch 18 @ Fri Mar 31 23:17:04 2023
INFO:root:Best model with loss 0.1298457235097885 in_acc 94.45546391752578 at epoch 19 @ Fri Mar 31 23:17:12 2023
INFO:root:Best model with loss 0.12965168058872223 in_acc 94.5201030927835 at epoch 20 @ Fri Mar 31 23:17:20 2023
INFO:root:Best model with loss 0.12768256664276123 in_acc 94.59144329896907 at epoch 21 @ Fri Mar 31 23:17:29 2023
INFO:root:Best model with loss 0.12311099469661713 in_acc 94.78546391752577 at epoch 22 @ Fri Mar 31 23:17:37 2023
INFO:root:Best model with loss 0.11886859685182571 in_acc 94.91639175257733 at epoch 24 @ Fri Mar 31 23:17:54 2023
INFO:root:Best model with loss 0.11671821027994156 in_acc 95.04567010309279 at epoch 26 @ Fri Mar 31 23:18:12 2023
INFO:root:Best model with loss 0.11011731624603271 in_acc 95.35051546391753 at epoch 29 @ Fri Mar 31 23:18:39 2023
INFO:root:Best model with loss 0.10937546193599701 in_acc 95.3079381443299 at epoch 30 @ Fri Mar 31 23:18:47 2023
INFO:root:Best model with loss 0.10621003061532974 in_acc 95.51567010309279 at epoch 34 @ Fri Mar 31 23:19:18 2023
INFO:root:Best model with loss 0.10510625690221786 in_acc 95.65381443298969 at epoch 35 @ Fri Mar 31 23:19:25 2023
INFO:root:Best model with loss 0.10229489207267761 in_acc 95.70257731958763 at epoch 42 @ Fri Mar 31 23:20:21 2023
INFO:root:Best model with loss 0.10085029155015945 in_acc 95.75103092783506 at epoch 45 @ Fri Mar 31 23:20:46 2023
INFO:root:Best model with loss 0.10025104880332947 in_acc 95.7916494845361 at epoch 46 @ Fri Mar 31 23:20:54 2023
INFO:root:Best model with loss 0.09348426014184952 in_acc 96.10628865979382 at epoch 47 @ Fri Mar 31 23:21:02 2023
INFO:root:Best model with loss 0.09324545413255692 in_acc 96.10123711340206 at epoch 53 @ Fri Mar 31 23:21:52 2023
INFO:root:Best model with loss 0.09281100332736969 in_acc 96.1460824742268 at epoch 54 @ Fri Mar 31 23:22:01 2023
INFO:root:Best model with loss 0.09054511785507202 in_acc 96.22484536082474 at epoch 64 @ Fri Mar 31 23:23:23 2023
INFO:root:Best model with loss 0.08906184136867523 in_acc 96.31711340206186 at epoch 67 @ Fri Mar 31 23:23:46 2023
INFO:root:Best model with loss 0.08648845553398132 in_acc 96.38463917525773 at epoch 85 @ Fri Mar 31 23:26:22 2023
INFO:root:Best model with loss 0.08580832928419113 in_acc 96.47762886597938 at epoch 99 @ Fri Mar 31 23:28:20 2023
INFO:root:Best model with loss 0.0843442752957344 in_acc 96.54030927835052 at epoch 108 @ Fri Mar 31 23:29:26 2023
INFO:root:Best model with loss 0.08281712979078293 in_acc 96.66051546391753 at epoch 113 @ Fri Mar 31 23:30:02 2023
INFO:root:Best model with loss 0.08034968376159668 in_acc 96.69969072164949 at epoch 119 @ Fri Mar 31 23:30:48 2023
INFO:root:Best model with loss 0.08026699721813202 in_acc 96.70103092783505 at epoch 151 @ Fri Mar 31 23:35:04 2023
INFO:root:Best model with loss 0.07954438775777817 in_acc 96.74103092783506 at epoch 153 @ Fri Mar 31 23:35:21 2023
INFO:root:Best model with loss 0.07915233075618744 in_acc 96.79113402061856 at epoch 157 @ Fri Mar 31 23:35:52 2023
INFO:root:Best model with loss 0.07868913561105728 in_acc 96.77329896907216 at epoch 170 @ Fri Mar 31 23:37:33 2023
INFO:root:Best model with loss 0.07759355008602142 in_acc 96.8179381443299 at epoch 194 @ Fri Mar 31 23:40:32 2023
INFO:root:Best model with loss 0.07757636159658432 in_acc 96.85257731958762 at epoch 199 @ Fri Mar 31 23:41:13 2023
INFO:root:Best model with loss 0.07702233642339706 in_acc 96.86278350515464 at epoch 210 @ Fri Mar 31 23:42:41 2023
INFO:root:Best model with loss 0.07689353078603745 in_acc 96.86 at epoch 221 @ Fri Mar 31 23:44:09 2023
INFO:root:Best model with loss 0.07569803297519684 in_acc 96.95072164948454 at epoch 230 @ Fri Mar 31 23:45:22 2023
INFO:root:Best model with loss 0.07443118095397949 in_acc 96.96515463917525 at epoch 233 @ Fri Mar 31 23:45:46 2023
INFO:root:Best model with loss 0.07437532395124435 in_acc 97.0158762886598 at epoch 273 @ Fri Mar 31 23:51:05 2023
INFO:root:Best model with loss 0.07427414506673813 in_acc 96.98814432989691 at epoch 316 @ Fri Mar 31 23:56:39 2023
INFO:root:Best model with loss 0.07414890080690384 in_acc 96.99474226804124 at epoch 342 @ Fri Mar 31 23:59:57 2023
INFO:root:Best model with loss 0.07403771579265594 in_acc 97.0259793814433 at epoch 346 @ Sat Apr  1 00:00:28 2023
INFO:root:Best model with loss 0.0738617330789566 in_acc 97.04226804123711 at epoch 355 @ Sat Apr  1 00:01:39 2023
INFO:root:Best model with loss 0.07291954755783081 in_acc 97.08226804123711 at epoch 493 @ Sat Apr  1 00:20:00 2023
INFO:root:Start training @ Sat Apr  1 01:00:22 2023 neutraj_256 256 3 256
INFO:root:Best model with loss 0.2893306314945221 in_acc 91.46443298969072 at epoch 0 @ Sat Apr  1 01:00:28 2023
INFO:root:Best model with loss 0.2571661174297333 in_acc 91.4641237113402 at epoch 1 @ Sat Apr  1 01:00:35 2023
INFO:root:Best model with loss 0.22052381932735443 in_acc 91.49536082474226 at epoch 2 @ Sat Apr  1 01:00:43 2023
INFO:root:Best model with loss 0.21337929368019104 in_acc 91.4519587628866 at epoch 3 @ Sat Apr  1 01:00:52 2023
INFO:root:Best model with loss 0.20057658851146698 in_acc 91.52257731958763 at epoch 4 @ Sat Apr  1 01:01:00 2023
INFO:root:Best model with loss 0.19537417590618134 in_acc 91.82670103092784 at epoch 5 @ Sat Apr  1 01:01:09 2023
INFO:root:Best model with loss 0.19305464625358582 in_acc 91.97412371134021 at epoch 6 @ Sat Apr  1 01:01:17 2023
INFO:root:Best model with loss 0.17695944011211395 in_acc 92.79628865979382 at epoch 7 @ Sat Apr  1 01:01:26 2023
INFO:root:Best model with loss 0.16908353567123413 in_acc 92.73701030927836 at epoch 8 @ Sat Apr  1 01:01:35 2023
INFO:root:Best model with loss 0.16190274059772491 in_acc 93.13608247422681 at epoch 10 @ Sat Apr  1 01:01:47 2023
INFO:root:Best model with loss 0.15096844732761383 in_acc 93.54639175257732 at epoch 11 @ Sat Apr  1 01:01:54 2023
INFO:root:Best model with loss 0.14675968885421753 in_acc 93.71762886597938 at epoch 12 @ Sat Apr  1 01:02:00 2023
INFO:root:Best model with loss 0.13928057253360748 in_acc 94.07432989690722 at epoch 13 @ Sat Apr  1 01:02:07 2023
INFO:root:Best model with loss 0.13688813149929047 in_acc 94.16515463917527 at epoch 15 @ Sat Apr  1 01:02:24 2023
INFO:root:Best model with loss 0.12876160442829132 in_acc 94.43721649484537 at epoch 16 @ Sat Apr  1 01:02:31 2023
INFO:root:Best model with loss 0.12653663754463196 in_acc 94.59103092783505 at epoch 18 @ Sat Apr  1 01:02:46 2023
INFO:root:Best model with loss 0.12084762752056122 in_acc 94.73134020618556 at epoch 19 @ Sat Apr  1 01:02:52 2023
INFO:root:Best model with loss 0.11719293892383575 in_acc 95.03577319587629 at epoch 21 @ Sat Apr  1 01:03:08 2023
INFO:root:Best model with loss 0.11571923643350601 in_acc 95.07835051546391 at epoch 23 @ Sat Apr  1 01:03:21 2023
INFO:root:Best model with loss 0.11192534118890762 in_acc 95.26360824742268 at epoch 25 @ Sat Apr  1 01:03:38 2023
INFO:root:Best model with loss 0.10608106106519699 in_acc 95.56659793814434 at epoch 26 @ Sat Apr  1 01:03:47 2023
INFO:root:Best model with loss 0.10488048940896988 in_acc 95.66484536082474 at epoch 28 @ Sat Apr  1 01:04:03 2023
INFO:root:Best model with loss 0.10475572198629379 in_acc 95.68525773195876 at epoch 30 @ Sat Apr  1 01:04:20 2023
INFO:root:Best model with loss 0.09670507907867432 in_acc 95.97247422680412 at epoch 36 @ Sat Apr  1 01:05:08 2023
INFO:root:Best model with loss 0.09544825553894043 in_acc 95.9978350515464 at epoch 44 @ Sat Apr  1 01:06:10 2023
INFO:root:Best model with loss 0.09295926988124847 in_acc 96.26288659793815 at epoch 45 @ Sat Apr  1 01:06:19 2023
INFO:root:Best model with loss 0.09120013564825058 in_acc 96.24865979381444 at epoch 51 @ Sat Apr  1 01:07:07 2023
INFO:root:Best model with loss 0.0905197411775589 in_acc 96.25762886597938 at epoch 57 @ Sat Apr  1 01:07:52 2023
INFO:root:Best model with loss 0.08821745216846466 in_acc 96.42773195876289 at epoch 60 @ Sat Apr  1 01:08:17 2023
INFO:root:Best model with loss 0.08655299991369247 in_acc 96.51340206185567 at epoch 70 @ Sat Apr  1 01:09:32 2023
INFO:root:Best model with loss 0.08406555652618408 in_acc 96.56164948453608 at epoch 73 @ Sat Apr  1 01:09:53 2023
INFO:root:Best model with loss 0.0825849324464798 in_acc 96.64092783505154 at epoch 84 @ Sat Apr  1 01:11:22 2023
INFO:root:Best model with loss 0.08215802907943726 in_acc 96.72773195876289 at epoch 90 @ Sat Apr  1 01:12:08 2023
INFO:root:Best model with loss 0.08041274547576904 in_acc 96.74082474226805 at epoch 119 @ Sat Apr  1 01:15:54 2023
INFO:root:Best model with loss 0.08022713661193848 in_acc 96.71670103092784 at epoch 126 @ Sat Apr  1 01:16:52 2023
INFO:root:Best model with loss 0.07868093997240067 in_acc 96.80835051546391 at epoch 141 @ Sat Apr  1 01:18:51 2023
INFO:root:Best model with loss 0.07846153527498245 in_acc 96.76484536082475 at epoch 147 @ Sat Apr  1 01:19:39 2023
INFO:root:Best model with loss 0.07711833715438843 in_acc 96.95041237113402 at epoch 149 @ Sat Apr  1 01:19:56 2023
INFO:root:Best model with loss 0.07593737542629242 in_acc 96.96185567010309 at epoch 153 @ Sat Apr  1 01:20:29 2023
INFO:root:Best model with loss 0.07373460382223129 in_acc 97.04927835051546 at epoch 170 @ Sat Apr  1 01:22:40 2023
INFO:root:Best model with loss 0.07239764928817749 in_acc 97.11443298969073 at epoch 238 @ Sat Apr  1 01:31:32 2023
INFO:root:Best model with loss 0.07186836004257202 in_acc 97.119793814433 at epoch 239 @ Sat Apr  1 01:31:41 2023
INFO:root:Best model with loss 0.07137253880500793 in_acc 97.24422680412371 at epoch 373 @ Sat Apr  1 01:50:51 2023
INFO:root:Best model with loss 0.07116509974002838 in_acc 97.149793814433 at epoch 444 @ Sat Apr  1 02:00:34 2023
INFO:root:Best model with loss 0.06947589665651321 in_acc 97.23773195876288 at epoch 476 @ Sat Apr  1 02:04:58 2023
INFO:root:Start training @ Sat Apr 29 14:57:13 2023 neutrajat_128 128 3 128
INFO:root:Best model with loss 0.30341336131095886 in_acc 91.46443298969072 at epoch 0 @ Sat Apr 29 14:57:31 2023
INFO:root:Best model with loss 0.3023892641067505 in_acc 91.46443298969072 at epoch 1 @ Sat Apr 29 14:57:47 2023
INFO:root:Best model with loss 0.3012115955352783 in_acc 91.46443298969072 at epoch 2 @ Sat Apr 29 14:58:05 2023
INFO:root:Best model with loss 0.2983628809452057 in_acc 91.46443298969072 at epoch 3 @ Sat Apr 29 14:58:23 2023
INFO:root:Best model with loss 0.295413613319397 in_acc 91.46443298969072 at epoch 4 @ Sat Apr 29 14:58:39 2023
INFO:root:Best model with loss 0.28156599402427673 in_acc 91.46443298969072 at epoch 5 @ Sat Apr 29 14:58:59 2023
INFO:root:Start training @ Sat Apr 29 15:38:37 2023 neutrajat_128 128 3 128
INFO:root:Best model with loss 0.28923675417900085 in_acc 91.46443298969072 at epoch 0 @ Sat Apr 29 15:38:54 2023
INFO:root:Best model with loss 0.2882500886917114 in_acc 91.46443298969072 at epoch 2 @ Sat Apr 29 15:39:30 2023
INFO:root:Best model with loss 0.2868475317955017 in_acc 91.46443298969072 at epoch 3 @ Sat Apr 29 15:39:48 2023
INFO:root:Best model with loss 0.2819763720035553 in_acc 91.46443298969072 at epoch 4 @ Sat Apr 29 15:40:06 2023
INFO:root:Best model with loss 0.2805657982826233 in_acc 91.46443298969072 at epoch 5 @ Sat Apr 29 15:40:24 2023
INFO:root:Start training @ Sat Apr 29 15:43:23 2023 neutrajat_128 128 3 128
INFO:root:Best model with loss 0.28656524419784546 in_acc 91.46443298969072 at epoch 0 @ Sat Apr 29 15:43:40 2023
INFO:root:Best model with loss 0.2865319550037384 in_acc 91.46443298969072 at epoch 3 @ Sat Apr 29 15:44:26 2023
INFO:root:Best model with loss 0.2863263785839081 in_acc 91.46443298969072 at epoch 5 @ Sat Apr 29 15:45:00 2023
INFO:root:Restore training @ Sat Apr 29 15:59:36 2023 neutrajat_128 128 3 128
INFO:root:Best model with loss 0.2862533628940582 in_acc 91.46443298969072 at epoch 15 @ Sat Apr 29 16:01:21 2023
INFO:root:Restore training @ Sat Apr 29 16:05:16 2023 neutrajat_128 128 3 128
INFO:root:Best model with loss 0.2862408757209778 in_acc 91.46443298969072 at epoch 41 @ Sat Apr 29 16:10:22 2023
INFO:root:Start training @ Fri May  5 12:31:36 2023 t2vec_128 128 3 128
INFO:root:Best model with loss 0.233758345246315 in_acc 91.50072164948455 at epoch 0 @ Fri May  5 12:31:42 2023
INFO:root:Best model with loss 0.1907200813293457 in_acc 92.08721649484536 at epoch 1 @ Fri May  5 12:31:50 2023
INFO:root:Best model with loss 0.16007955372333527 in_acc 93.37536082474227 at epoch 2 @ Fri May  5 12:31:58 2023
INFO:root:Best model with loss 0.15188565850257874 in_acc 93.68340206185567 at epoch 3 @ Fri May  5 12:32:05 2023
INFO:root:Best model with loss 0.1429942399263382 in_acc 93.96752577319589 at epoch 4 @ Fri May  5 12:32:11 2023
INFO:root:Best model with loss 0.13146810233592987 in_acc 94.49340206185568 at epoch 5 @ Fri May  5 12:32:18 2023
INFO:root:Best model with loss 0.12712615728378296 in_acc 94.77278350515465 at epoch 6 @ Fri May  5 12:32:25 2023
INFO:root:Best model with loss 0.11938834935426712 in_acc 95.10051546391752 at epoch 7 @ Fri May  5 12:32:31 2023
INFO:root:Best model with loss 0.11367698758840561 in_acc 95.33773195876289 at epoch 11 @ Fri May  5 12:32:58 2023
INFO:root:Best model with loss 0.10880767554044724 in_acc 95.58835051546392 at epoch 14 @ Fri May  5 12:33:18 2023
INFO:root:Best model with loss 0.10672307014465332 in_acc 95.68463917525773 at epoch 15 @ Fri May  5 12:33:25 2023
INFO:root:Best model with loss 0.10670660436153412 in_acc 95.66247422680412 at epoch 18 @ Fri May  5 12:33:45 2023
INFO:root:Best model with loss 0.10484618693590164 in_acc 95.77051546391753 at epoch 19 @ Fri May  5 12:33:52 2023
INFO:root:Best model with loss 0.1029643565416336 in_acc 95.83072164948454 at epoch 20 @ Fri May  5 12:33:59 2023
INFO:root:Best model with loss 0.10065077990293503 in_acc 95.96721649484536 at epoch 22 @ Fri May  5 12:34:11 2023
INFO:root:Best model with loss 0.1001516729593277 in_acc 96.04113402061856 at epoch 23 @ Fri May  5 12:34:18 2023
INFO:root:Best model with loss 0.09945828467607498 in_acc 96.00845360824742 at epoch 24 @ Fri May  5 12:34:25 2023
INFO:root:Best model with loss 0.09902376681566238 in_acc 96.06618556701031 at epoch 25 @ Fri May  5 12:34:32 2023
INFO:root:Best model with loss 0.09555763006210327 in_acc 96.21742268041238 at epoch 28 @ Fri May  5 12:34:52 2023
INFO:root:Best model with loss 0.0953635424375534 in_acc 96.20525773195877 at epoch 34 @ Fri May  5 12:35:35 2023
INFO:root:Best model with loss 0.09398368000984192 in_acc 96.22742268041237 at epoch 35 @ Fri May  5 12:35:41 2023
INFO:root:Best model with loss 0.09357242286205292 in_acc 96.31556701030928 at epoch 36 @ Fri May  5 12:35:47 2023
INFO:root:Best model with loss 0.09197243303060532 in_acc 96.29659793814433 at epoch 37 @ Fri May  5 12:35:54 2023
INFO:root:Best model with loss 0.09112348407506943 in_acc 96.41958762886598 at epoch 40 @ Fri May  5 12:36:15 2023
INFO:root:Best model with loss 0.08866316080093384 in_acc 96.49443298969072 at epoch 43 @ Fri May  5 12:36:35 2023
INFO:root:Best model with loss 0.0880223736166954 in_acc 96.59742268041236 at epoch 57 @ Fri May  5 12:38:19 2023
INFO:root:Best model with loss 0.0878453329205513 in_acc 96.5918556701031 at epoch 69 @ Fri May  5 12:39:52 2023
INFO:root:Best model with loss 0.08709507435560226 in_acc 96.60123711340206 at epoch 70 @ Fri May  5 12:39:58 2023
INFO:root:Best model with loss 0.08629912883043289 in_acc 96.62484536082474 at epoch 72 @ Fri May  5 12:40:11 2023
INFO:root:Best model with loss 0.0861111730337143 in_acc 96.6259793814433 at epoch 77 @ Fri May  5 12:40:46 2023
INFO:root:Best model with loss 0.0848965272307396 in_acc 96.70546391752578 at epoch 82 @ Fri May  5 12:41:22 2023
INFO:root:Best model with loss 0.08480994403362274 in_acc 96.68350515463918 at epoch 86 @ Fri May  5 12:41:49 2023
INFO:root:Best model with loss 0.08464744687080383 in_acc 96.7358762886598 at epoch 87 @ Fri May  5 12:41:57 2023
INFO:root:Best model with loss 0.08396833389997482 in_acc 96.72288659793816 at epoch 92 @ Fri May  5 12:42:31 2023
INFO:root:Best model with loss 0.08364835381507874 in_acc 96.75731958762887 at epoch 93 @ Fri May  5 12:42:38 2023
INFO:root:Best model with loss 0.08307364583015442 in_acc 96.74474226804124 at epoch 105 @ Fri May  5 12:44:33 2023
INFO:root:Best model with loss 0.0826374888420105 in_acc 96.81350515463917 at epoch 112 @ Fri May  5 12:45:24 2023
INFO:root:Best model with loss 0.08159317076206207 in_acc 96.81164948453609 at epoch 117 @ Fri May  5 12:46:00 2023
INFO:root:Best model with loss 0.08154333382844925 in_acc 96.83247422680412 at epoch 119 @ Fri May  5 12:46:14 2023
INFO:root:Best model with loss 0.08154049515724182 in_acc 96.85185567010309 at epoch 129 @ Fri May  5 12:47:23 2023
INFO:root:Best model with loss 0.08153162896633148 in_acc 96.83371134020618 at epoch 142 @ Fri May  5 12:48:51 2023
INFO:root:Best model with loss 0.08046019077301025 in_acc 96.87762886597937 at epoch 146 @ Fri May  5 12:49:19 2023
INFO:root:Best model with loss 0.07983233034610748 in_acc 96.91268041237113 at epoch 149 @ Fri May  5 12:49:39 2023
INFO:root:Best model with loss 0.07957033067941666 in_acc 96.91474226804124 at epoch 150 @ Fri May  5 12:49:46 2023
INFO:root:Best model with loss 0.07807103544473648 in_acc 96.98092783505155 at epoch 155 @ Fri May  5 12:50:20 2023
INFO:root:Best model with loss 0.07726359367370605 in_acc 97.02463917525773 at epoch 185 @ Fri May  5 12:53:49 2023
INFO:root:Best model with loss 0.07689358294010162 in_acc 97.03443298969073 at epoch 245 @ Fri May  5 13:00:43 2023
INFO:root:Best model with loss 0.07595478743314743 in_acc 97.0979381443299 at epoch 261 @ Fri May  5 13:02:31 2023
INFO:root:Best model with loss 0.07579152286052704 in_acc 97.10639175257732 at epoch 317 @ Fri May  5 13:08:50 2023
INFO:root:Best model with loss 0.07569671422243118 in_acc 97.12226804123712 at epoch 349 @ Fri May  5 13:12:32 2023
INFO:root:Best model with loss 0.0753801092505455 in_acc 97.14927835051547 at epoch 379 @ Fri May  5 13:15:52 2023
INFO:root:Best model with loss 0.07518642395734787 in_acc 97.16505154639175 at epoch 415 @ Fri May  5 13:20:04 2023
INFO:root:Best model with loss 0.07459235936403275 in_acc 97.13226804123711 at epoch 454 @ Fri May  5 13:24:41 2023
INFO:root:Best model with loss 0.0741339847445488 in_acc 97.18484536082474 at epoch 495 @ Fri May  5 13:30:14 2023
INFO:root:Start training @ Fri May  5 23:42:25 2023 t2vec_256 256 3 256
INFO:root:Best model with loss 0.20410120487213135 in_acc 91.83927835051546 at epoch 0 @ Fri May  5 23:42:32 2023
INFO:root:Best model with loss 0.149117574095726 in_acc 93.79257731958764 at epoch 1 @ Fri May  5 23:42:38 2023
INFO:root:Best model with loss 0.12583810091018677 in_acc 94.81711340206186 at epoch 2 @ Fri May  5 23:42:45 2023
INFO:root:Best model with loss 0.11689363420009613 in_acc 95.1798969072165 at epoch 3 @ Fri May  5 23:42:53 2023
INFO:root:Best model with loss 0.11096633225679398 in_acc 95.59773195876289 at epoch 4 @ Fri May  5 23:43:00 2023
INFO:root:Start training @ Fri May  5 23:43:20 2023 neutrajat_256 256 3 256
INFO:root:Best model with loss 0.2996635138988495 in_acc 91.46443298969072 at epoch 0 @ Fri May  5 23:43:26 2023
INFO:root:Best model with loss 0.29370400309562683 in_acc 91.46443298969072 at epoch 1 @ Fri May  5 23:43:33 2023
INFO:root:Best model with loss 0.2861621677875519 in_acc 91.46443298969072 at epoch 2 @ Fri May  5 23:43:42 2023
INFO:root:Best model with loss 0.2850400507450104 in_acc 91.46443298969072 at epoch 5 @ Fri May  5 23:44:04 2023
INFO:root:Best model with loss 0.27498283982276917 in_acc 91.46443298969072 at epoch 6 @ Fri May  5 23:44:11 2023
INFO:root:Best model with loss 0.2699465751647949 in_acc 91.46443298969072 at epoch 11 @ Fri May  5 23:44:50 2023
INFO:root:Best model with loss 0.2628398537635803 in_acc 91.46443298969072 at epoch 13 @ Fri May  5 23:45:04 2023
INFO:root:Best model with loss 0.26234370470046997 in_acc 91.41824742268041 at epoch 17 @ Fri May  5 23:45:33 2023
INFO:root:Best model with loss 0.26041558384895325 in_acc 91.4321649484536 at epoch 18 @ Fri May  5 23:45:40 2023
INFO:root:Best model with loss 0.25246569514274597 in_acc 91.46443298969072 at epoch 21 @ Fri May  5 23:46:00 2023
INFO:root:Best model with loss 0.2519581615924835 in_acc 91.46422680412371 at epoch 27 @ Fri May  5 23:46:41 2023
INFO:root:Best model with loss 0.2517198324203491 in_acc 91.41762886597938 at epoch 35 @ Fri May  5 23:47:38 2023
INFO:root:Best model with loss 0.25128987431526184 in_acc 91.4401030927835 at epoch 43 @ Fri May  5 23:48:35 2023
INFO:root:Best model with loss 0.24929997324943542 in_acc 91.46123711340206 at epoch 46 @ Fri May  5 23:48:58 2023
INFO:root:Best model with loss 0.24919278919696808 in_acc 91.44360824742267 at epoch 74 @ Fri May  5 23:52:14 2023
INFO:root:Best model with loss 0.24893702566623688 in_acc 91.46432989690722 at epoch 77 @ Fri May  5 23:52:35 2023
INFO:root:Best model with loss 0.24721276760101318 in_acc 91.43721649484536 at epoch 78 @ Fri May  5 23:52:41 2023
INFO:root:Best model with loss 0.24640627205371857 in_acc 91.46443298969072 at epoch 118 @ Fri May  5 23:57:23 2023
INFO:root:Start training @ Sat May  6 14:47:34 2023 t2vec_256 256 3 256
INFO:root:Best model with loss 0.2118566632270813 in_acc 91.70958762886599 at epoch 0 @ Sat May  6 14:47:43 2023
INFO:root:Best model with loss 0.15755429863929749 in_acc 93.47020618556702 at epoch 1 @ Sat May  6 14:47:52 2023
INFO:root:Best model with loss 0.1294270157814026 in_acc 94.59123711340206 at epoch 2 @ Sat May  6 14:48:01 2023
INFO:root:Best model with loss 0.11602374166250229 in_acc 95.30639175257733 at epoch 3 @ Sat May  6 14:48:09 2023
INFO:root:Best model with loss 0.10962045937776566 in_acc 95.59855670103093 at epoch 4 @ Sat May  6 14:48:18 2023
INFO:root:Best model with loss 0.10584789514541626 in_acc 95.72515463917526 at epoch 5 @ Sat May  6 14:48:26 2023
INFO:root:Best model with loss 0.09956272691488266 in_acc 96.01721649484536 at epoch 6 @ Sat May  6 14:48:34 2023
INFO:root:Best model with loss 0.09268008917570114 in_acc 96.33742268041237 at epoch 7 @ Sat May  6 14:48:42 2023
INFO:root:Best model with loss 0.09115580469369888 in_acc 96.40288659793814 at epoch 8 @ Sat May  6 14:48:50 2023
INFO:root:Best model with loss 0.09075687825679779 in_acc 96.40680412371134 at epoch 9 @ Sat May  6 14:48:59 2023
INFO:root:Best model with loss 0.0890636220574379 in_acc 96.51484536082474 at epoch 10 @ Sat May  6 14:49:08 2023
INFO:root:Best model with loss 0.08704342693090439 in_acc 96.5580412371134 at epoch 11 @ Sat May  6 14:49:17 2023
INFO:root:Best model with loss 0.08216448873281479 in_acc 96.80443298969072 at epoch 12 @ Sat May  6 14:49:25 2023
INFO:root:Best model with loss 0.0811251550912857 in_acc 96.82278350515465 at epoch 13 @ Sat May  6 14:49:34 2023
INFO:root:Best model with loss 0.08040983974933624 in_acc 96.87783505154638 at epoch 14 @ Sat May  6 14:49:43 2023
INFO:root:Best model with loss 0.07799110561609268 in_acc 96.92886597938146 at epoch 15 @ Sat May  6 14:49:51 2023
INFO:root:Best model with loss 0.07555948197841644 in_acc 97.02515463917526 at epoch 17 @ Sat May  6 14:50:08 2023
INFO:root:Best model with loss 0.07466457784175873 in_acc 97.09659793814434 at epoch 21 @ Sat May  6 14:50:41 2023
INFO:root:Best model with loss 0.07206558436155319 in_acc 97.2260824742268 at epoch 22 @ Sat May  6 14:50:49 2023
INFO:root:Best model with loss 0.07004254311323166 in_acc 97.31948453608248 at epoch 25 @ Sat May  6 14:51:14 2023
INFO:root:Best model with loss 0.06915288418531418 in_acc 97.33443298969073 at epoch 27 @ Sat May  6 14:51:32 2023
INFO:root:Best model with loss 0.06806407123804092 in_acc 97.39144329896907 at epoch 28 @ Sat May  6 14:51:39 2023
INFO:root:Best model with loss 0.06751527637243271 in_acc 97.43670103092784 at epoch 31 @ Sat May  6 14:52:03 2023
INFO:root:Best model with loss 0.06691168993711472 in_acc 97.43680412371134 at epoch 34 @ Sat May  6 14:52:27 2023
INFO:root:Best model with loss 0.06662550568580627 in_acc 97.48422680412372 at epoch 40 @ Sat May  6 14:53:15 2023
INFO:root:Best model with loss 0.06641580909490585 in_acc 97.49711340206187 at epoch 41 @ Sat May  6 14:53:24 2023
INFO:root:Best model with loss 0.06593823432922363 in_acc 97.49969072164949 at epoch 46 @ Sat May  6 14:54:06 2023
INFO:root:Best model with loss 0.06588613241910934 in_acc 97.53855670103093 at epoch 51 @ Sat May  6 14:54:48 2023
INFO:root:Best model with loss 0.06350500881671906 in_acc 97.64773195876289 at epoch 53 @ Sat May  6 14:55:04 2023
INFO:root:Best model with loss 0.06349676102399826 in_acc 97.62721649484536 at epoch 59 @ Sat May  6 14:55:55 2023
INFO:root:Best model with loss 0.06312377005815506 in_acc 97.71608247422681 at epoch 68 @ Sat May  6 14:57:11 2023
INFO:root:Best model with loss 0.0623864121735096 in_acc 97.75835051546392 at epoch 76 @ Sat May  6 14:58:18 2023
INFO:root:Best model with loss 0.06140248849987984 in_acc 97.75577319587629 at epoch 86 @ Sat May  6 14:59:42 2023
INFO:root:Best model with loss 0.06139897182583809 in_acc 97.71938144329897 at epoch 105 @ Sat May  6 15:02:26 2023
INFO:root:Best model with loss 0.0593886524438858 in_acc 97.79072164948454 at epoch 121 @ Sat May  6 15:04:42 2023
INFO:root:Best model with loss 0.05883580073714256 in_acc 97.88721649484536 at epoch 266 @ Sat May  6 15:25:36 2023
INFO:root:Start training @ Tue Nov 28 15:13:59 2023 neutraj_128 128 3 256
INFO:root:Best model with loss 0.29114168882369995 in_acc 91.46443298969072 at epoch 0 @ Tue Nov 28 15:14:07 2023
INFO:root:Best model with loss 0.2545289397239685 in_acc 91.46443298969072 at epoch 1 @ Tue Nov 28 15:14:14 2023
INFO:root:Best model with loss 0.2390892058610916 in_acc 91.22360824742269 at epoch 2 @ Tue Nov 28 15:14:20 2023
INFO:root:Best model with loss 0.230026513338089 in_acc 91.23134020618558 at epoch 3 @ Tue Nov 28 15:14:26 2023
INFO:root:Best model with loss 0.20810070633888245 in_acc 91.63618556701032 at epoch 4 @ Tue Nov 28 15:14:33 2023
INFO:root:Best model with loss 0.1953512281179428 in_acc 91.93628865979382 at epoch 5 @ Tue Nov 28 15:14:39 2023
INFO:root:Best model with loss 0.18783046305179596 in_acc 91.99690721649485 at epoch 6 @ Tue Nov 28 15:14:45 2023
INFO:root:Best model with loss 0.18183165788650513 in_acc 92.30969072164949 at epoch 8 @ Tue Nov 28 15:14:58 2023
INFO:root:Best model with loss 0.1794767677783966 in_acc 92.44927835051546 at epoch 9 @ Tue Nov 28 15:15:04 2023
INFO:root:Best model with loss 0.17429977655410767 in_acc 92.64340206185567 at epoch 10 @ Tue Nov 28 15:15:10 2023
INFO:root:Best model with loss 0.15608462691307068 in_acc 93.19742268041237 at epoch 11 @ Tue Nov 28 15:15:16 2023
INFO:root:Best model with loss 0.15016008913516998 in_acc 93.69865979381443 at epoch 12 @ Tue Nov 28 15:15:22 2023
INFO:root:Best model with loss 0.14446792006492615 in_acc 93.75309278350515 at epoch 14 @ Tue Nov 28 15:15:39 2023
INFO:root:Best model with loss 0.1364322304725647 in_acc 94.31536082474227 at epoch 15 @ Tue Nov 28 15:15:46 2023
INFO:root:Best model with loss 0.12625302374362946 in_acc 94.68886597938145 at epoch 19 @ Tue Nov 28 15:16:13 2023
INFO:root:Best model with loss 0.12263961136341095 in_acc 94.73144329896908 at epoch 21 @ Tue Nov 28 15:16:25 2023
INFO:root:Best model with loss 0.12058223783969879 in_acc 94.83597938144331 at epoch 22 @ Tue Nov 28 15:16:31 2023
INFO:root:Best model with loss 0.11723211407661438 in_acc 95.03453608247423 at epoch 24 @ Tue Nov 28 15:16:43 2023
INFO:root:Best model with loss 0.11350774765014648 in_acc 95.25319587628867 at epoch 26 @ Tue Nov 28 15:16:54 2023
INFO:root:Best model with loss 0.11106318235397339 in_acc 95.31938144329897 at epoch 27 @ Tue Nov 28 15:17:01 2023
INFO:root:Best model with loss 0.1083124577999115 in_acc 95.47164948453609 at epoch 28 @ Tue Nov 28 15:17:06 2023
INFO:root:Best model with loss 0.10376603901386261 in_acc 95.6258762886598 at epoch 29 @ Tue Nov 28 15:17:12 2023
INFO:root:Best model with loss 0.10238485783338547 in_acc 95.699793814433 at epoch 31 @ Tue Nov 28 15:17:24 2023
INFO:root:Best model with loss 0.09863390028476715 in_acc 95.87092783505155 at epoch 32 @ Tue Nov 28 15:17:30 2023
INFO:root:Best model with loss 0.0920892059803009 in_acc 96.16721649484536 at epoch 39 @ Tue Nov 28 15:18:10 2023
INFO:root:Best model with loss 0.09072675555944443 in_acc 96.2279381443299 at epoch 50 @ Tue Nov 28 15:19:23 2023
INFO:root:Best model with loss 0.08926375210285187 in_acc 96.29567010309279 at epoch 56 @ Tue Nov 28 15:20:03 2023
INFO:root:Best model with loss 0.08491463214159012 in_acc 96.54670103092784 at epoch 57 @ Tue Nov 28 15:20:09 2023
INFO:root:Best model with loss 0.08275329321622849 in_acc 96.6301030927835 at epoch 64 @ Tue Nov 28 15:20:50 2023
INFO:root:Best model with loss 0.0818461924791336 in_acc 96.6901030927835 at epoch 65 @ Tue Nov 28 15:20:56 2023
INFO:root:Best model with loss 0.08071791380643845 in_acc 96.71020618556702 at epoch 66 @ Tue Nov 28 15:21:03 2023
INFO:root:Best model with loss 0.0804748609662056 in_acc 96.7438144329897 at epoch 76 @ Tue Nov 28 15:22:02 2023
INFO:root:Best model with loss 0.07932010293006897 in_acc 96.79175257731958 at epoch 88 @ Tue Nov 28 15:23:22 2023
INFO:root:Best model with loss 0.0785258561372757 in_acc 96.82680412371134 at epoch 89 @ Tue Nov 28 15:23:28 2023
INFO:root:Best model with loss 0.077692911028862 in_acc 96.88268041237113 at epoch 106 @ Tue Nov 28 15:25:10 2023
INFO:root:Best model with loss 0.07643873244524002 in_acc 96.89144329896907 at epoch 119 @ Tue Nov 28 15:26:34 2023
INFO:root:Best model with loss 0.07642111927270889 in_acc 96.95309278350516 at epoch 134 @ Tue Nov 28 15:28:02 2023
INFO:root:Best model with loss 0.07575365900993347 in_acc 96.94793814432991 at epoch 137 @ Tue Nov 28 15:28:18 2023
INFO:root:Best model with loss 0.07496495544910431 in_acc 96.99567010309279 at epoch 141 @ Tue Nov 28 15:28:41 2023
INFO:root:Best model with loss 0.07426482439041138 in_acc 97.01082474226804 at epoch 163 @ Tue Nov 28 15:30:58 2023
INFO:root:Best model with loss 0.07202205806970596 in_acc 97.1478350515464 at epoch 166 @ Tue Nov 28 15:31:16 2023
INFO:root:Best model with loss 0.07156166434288025 in_acc 97.15412371134022 at epoch 170 @ Tue Nov 28 15:31:43 2023
INFO:root:Best model with loss 0.07033448666334152 in_acc 97.20824742268042 at epoch 219 @ Tue Nov 28 15:36:43 2023
INFO:root:Best model with loss 0.06975963711738586 in_acc 97.23103092783505 at epoch 250 @ Tue Nov 28 15:39:52 2023
INFO:root:Best model with loss 0.0697362869977951 in_acc 97.23515463917526 at epoch 279 @ Tue Nov 28 15:42:50 2023
INFO:root:Best model with loss 0.06913319230079651 in_acc 97.31268041237114 at epoch 284 @ Tue Nov 28 15:43:20 2023
INFO:root:Best model with loss 0.06884026527404785 in_acc 97.30649484536083 at epoch 285 @ Tue Nov 28 15:43:26 2023
INFO:root:Best model with loss 0.06858186423778534 in_acc 97.29371134020619 at epoch 287 @ Tue Nov 28 15:43:38 2023
INFO:root:Best model with loss 0.06844530999660492 in_acc 97.26051546391753 at epoch 298 @ Tue Nov 28 15:44:43 2023
INFO:root:Best model with loss 0.06772711127996445 in_acc 97.35030927835052 at epoch 305 @ Tue Nov 28 15:45:25 2023
INFO:root:Best model with loss 0.06675295531749725 in_acc 97.35567010309279 at epoch 393 @ Tue Nov 28 15:54:15 2023
INFO:root:Best model with loss 0.06654928624629974 in_acc 97.36216494845361 at epoch 394 @ Tue Nov 28 15:54:21 2023
INFO:root:Best model with loss 0.06645125150680542 in_acc 97.41845360824742 at epoch 412 @ Tue Nov 28 15:56:11 2023
INFO:root:Best model with loss 0.06557945907115936 in_acc 97.41752577319588 at epoch 486 @ Tue Nov 28 16:03:39 2023
INFO:root:Best model with loss 0.06547810137271881 in_acc 97.46628865979382 at epoch 497 @ Tue Nov 28 16:04:42 2023
